<?xml version="1.0" encoding="UTF-8"?>
<coverage generated="1747829255475" clover="3.2.0">
  <project timestamp="1747829255475" name="All files">
    <metrics statements="12" coveredstatements="11" conditionals="7" coveredconditionals="6" methods="6" coveredmethods="6" elements="25" coveredelements="23" complexity="0" loc="12" ncloc="12" packages="1" files="1" classes="1"/>
    <file name="aiModel.ts" path="/Users/ozgebuyuktorun/Documents/jest/src/aiModel.ts">
      <metrics statements="12" coveredstatements="11" conditionals="7" coveredconditionals="6" methods="6" coveredmethods="6"/>
      <line num="1" count="1" type="stmt"/>
      <line num="5" count="7" type="cond" truecount="4" falsecount="0"/>
      <line num="9" count="6" type="cond" truecount="1" falsecount="0"/>
      <line num="11" count="5" type="cond" truecount="1" falsecount="0"/>
      <line num="12" count="4" type="stmt"/>
      <line num="13" count="12" type="stmt"/>
      <line num="15" count="5" type="stmt"/>
      <line num="19" count="1" type="cond" truecount="0" falsecount="1"/>
      <line num="20" count="0" type="stmt"/>
      <line num="22" count="1" type="stmt"/>
      <line num="26" count="4" type="stmt"/>
      <line num="27" count="4" type="stmt"/>
    </file>
  </project>
</coverage>
