{"/Users/ozgebuyuktorun/Documents/jest/src/aiModel.ts": {"path":"/Users/ozgebuyuktorun/Documents/jest/src/aiModel.ts","statementMap":{"0":{"start":{"line":5,"column":4},"end":{"line":5,"column":30}},"1":{"start":{"line":9,"column":4},"end":{"line":9,"column":37}},"2":{"start":{"line":9,"column":28},"end":{"line":9,"column":37}},"3":{"start":{"line":11,"column":4},"end":{"line":14,"column":5}},"4":{"start":{"line":12,"column":27},"end":{"line":12,"column":69}},"5":{"start":{"line":13,"column":6},"end":{"line":13,"column":86}},"6":{"start":{"line":13,"column":41},"end":{"line":13,"column":50}},"7":{"start":{"line":15,"column":4},"end":{"line":15,"column":67}},"8":{"start":{"line":15,"column":38},"end":{"line":15,"column":47}},"9":{"start":{"line":19,"column":4},"end":{"line":21,"column":5}},"10":{"start":{"line":20,"column":6},"end":{"line":20,"column":69}},"11":{"start":{"line":22,"column":4},"end":{"line":22,"column":40}},"12":{"start":{"line":26,"column":14},"end":{"line":26,"column":36}},"13":{"start":{"line":27,"column":4},"end":{"line":27,"column":29}},"14":{"start":{"line":1,"column":0},"end":{"line":1,"column":13}}},"fnMap":{"0":{"name":"(anonymous_0)","decl":{"start":{"line":4,"column":2},"end":{"line":4,"column":14}},"loc":{"start":{"line":4,"column":41},"end":{"line":6,"column":3}}},"1":{"name":"(anonymous_1)","decl":{"start":{"line":8,"column":2},"end":{"line":8,"column":9}},"loc":{"start":{"line":8,"column":25},"end":{"line":16,"column":3}}},"2":{"name":"(anonymous_2)","decl":{"start":{"line":13,"column":27},"end":{"line":13,"column":28}},"loc":{"start":{"line":13,"column":41},"end":{"line":13,"column":50}}},"3":{"name":"(anonymous_3)","decl":{"start":{"line":15,"column":24},"end":{"line":15,"column":25}},"loc":{"start":{"line":15,"column":38},"end":{"line":15,"column":47}}},"4":{"name":"(anonymous_4)","decl":{"start":{"line":18,"column":2},"end":{"line":18,"column":15}},"loc":{"start":{"line":18,"column":15},"end":{"line":23,"column":3}}},"5":{"name":"(anonymous_5)","decl":{"start":{"line":25,"column":10},"end":{"line":25,"column":30}},"loc":{"start":{"line":25,"column":43},"end":{"line":28,"column":3}}}},"branchMap":{"0":{"loc":{"start":{"line":5,"column":16},"end":{"line":5,"column":29}},"type":"cond-expr","locations":[{"start":{"line":5,"column":23},"end":{"line":5,"column":25}},{"start":{"line":5,"column":16},"end":{"line":5,"column":29}}]},"1":{"loc":{"start":{"line":5,"column":16},"end":{"line":5,"column":25}},"type":"binary-expr","locations":[{"start":{"line":5,"column":16},"end":{"line":5,"column":25}},{"start":{"line":5,"column":16},"end":{"line":5,"column":25}}]},"2":{"loc":{"start":{"line":9,"column":4},"end":{"line":9,"column":37}},"type":"if","locations":[{"start":{"line":9,"column":4},"end":{"line":9,"column":37}}]},"3":{"loc":{"start":{"line":11,"column":4},"end":{"line":14,"column":5}},"type":"if","locations":[{"start":{"line":11,"column":4},"end":{"line":14,"column":5}}]},"4":{"loc":{"start":{"line":19,"column":4},"end":{"line":21,"column":5}},"type":"if","locations":[{"start":{"line":19,"column":4},"end":{"line":21,"column":5}}]}},"s":{"0":7,"1":6,"2":1,"3":5,"4":4,"5":4,"6":12,"7":1,"8":5,"9":1,"10":0,"11":1,"12":4,"13":4,"14":1},"f":{"0":7,"1":6,"2":12,"3":5,"4":1,"5":4},"b":{"0":[3,4],"1":[7,7],"2":[1],"3":[4],"4":[0]}}
}
