TN:
SF:src/aiModel.ts
FN:4,(anonymous_0)
FN:8,(anonymous_1)
FN:13,(anonymous_2)
FN:15,(anonymous_3)
FN:18,(anonymous_4)
FN:25,(anonymous_5)
FNF:6
FNH:6
FNDA:7,(anonymous_0)
FNDA:6,(anonymous_1)
FNDA:12,(anonymous_2)
FNDA:5,(anonymous_3)
FNDA:1,(anonymous_4)
FNDA:4,(anonymous_5)
DA:1,1
DA:5,7
DA:9,6
DA:11,5
DA:12,4
DA:13,12
DA:15,5
DA:19,1
DA:20,0
DA:22,1
DA:26,4
DA:27,4
LF:12
LH:11
BRDA:5,0,0,3
BRDA:5,0,1,4
BRDA:5,1,0,7
BRDA:5,1,1,7
BRDA:9,2,0,1
BRDA:11,3,0,4
BRDA:19,4,0,0
BRF:7
BRH:6
end_of_record
